{"name":"testCreateBooking","status":"skipped","statusDetails":{"known":false,"muted":false,"flaky":false,"message":"java.lang.IllegalStateException: Not a JSON Array: {\"data_ok\":{\"request\":{\"firstname\":\"James\",\"lastname\":\"Brown\",\"totalprice\":111,\"depositpaid\":true,\"bookingdates\":{\"checkin\":\"2018-01-01\",\"checkout\":\"2019-01-01\"},\"additionalneeds\":\"Breakfast\"},\"expected_status\":200},\"data_invalid\":{\"request\":{\"firstname\":1212,\"lastname\":\"Brown\",\"totalprice\":111,\"depositpaid\":true,\"bookingdates\":{\"checkin\":\"2018-01-01\",\"checkout\":\"2019-01-01\"},\"additionalneeds\":\"Breakfast\"},\"expected_status\":500}}","trace":"java.lang.RuntimeException: java.lang.IllegalStateException: Not a JSON Array: {\"data_ok\":{\"request\":{\"firstname\":\"James\",\"lastname\":\"Brown\",\"totalprice\":111,\"depositpaid\":true,\"bookingdates\":{\"checkin\":\"2018-01-01\",\"checkout\":\"2019-01-01\"},\"additionalneeds\":\"Breakfast\"},\"expected_status\":200},\"data_invalid\":{\"request\":{\"firstname\":1212,\"lastname\":\"Brown\",\"totalprice\":111,\"depositpaid\":true,\"bookingdates\":{\"checkin\":\"2018-01-01\",\"checkout\":\"2019-01-01\"},\"additionalneeds\":\"Breakfast\"},\"expected_status\":500}}\n\tat org.testng.internal.MethodInvocationHelper.invokeMethodNoCheckedException(MethodInvocationHelper.java:50)\n\tat org.testng.internal.MethodInvocationHelper.invokeDataProvider(MethodInvocationHelper.java:146)\n\tat org.testng.internal.Parameters.handleParameters(Parameters.java:798)\n\tat org.testng.internal.Parameters.handleParameters(Parameters.java:740)\n\tat org.testng.internal.ParameterHandler.handleParameters(ParameterHandler.java:59)\n\tat org.testng.internal.ParameterHandler.createParameters(ParameterHandler.java:38)\n\tat org.testng.internal.TestInvoker$MethodInvocationAgent.invoke(TestInvoker.java:791)\n\tat org.testng.internal.TestInvoker.invokeTestMethods(TestInvoker.java:146)\n\tat org.testng.internal.TestMethodWorker.invokeTestMethods(TestMethodWorker.java:146)\n\tat org.testng.internal.TestMethodWorker.run(TestMethodWorker.java:128)\n\tat java.util.ArrayList.forEach(ArrayList.java:1257)\n\tat org.testng.TestRunner.privateRun(TestRunner.java:794)\n\tat org.testng.TestRunner.run(TestRunner.java:596)\n\tat org.testng.SuiteRunner.runTest(SuiteRunner.java:377)\n\tat org.testng.SuiteRunner.runSequentially(SuiteRunner.java:371)\n\tat org.testng.SuiteRunner.privateRun(SuiteRunner.java:332)\n\tat org.testng.SuiteRunner.run(SuiteRunner.java:276)\n\tat org.testng.SuiteRunnerWorker.runSuite(SuiteRunnerWorker.java:53)\n\tat org.testng.SuiteRunnerWorker.run(SuiteRunnerWorker.java:96)\n\tat org.testng.TestNG.runSuitesSequentially(TestNG.java:1212)\n\tat org.testng.TestNG.runSuitesLocally(TestNG.java:1134)\n\tat org.testng.TestNG.runSuites(TestNG.java:1063)\n\tat org.testng.TestNG.run(TestNG.java:1031)\n\tat com.intellij.rt.testng.IDEARemoteTestNG.run(IDEARemoteTestNG.java:65)\n\tat com.intellij.rt.testng.RemoteTestNGStarter.main(RemoteTestNGStarter.java:105)\nCaused by: java.lang.IllegalStateException: Not a JSON Array: {\"data_ok\":{\"request\":{\"firstname\":\"James\",\"lastname\":\"Brown\",\"totalprice\":111,\"depositpaid\":true,\"bookingdates\":{\"checkin\":\"2018-01-01\",\"checkout\":\"2019-01-01\"},\"additionalneeds\":\"Breakfast\"},\"expected_status\":200},\"data_invalid\":{\"request\":{\"firstname\":1212,\"lastname\":\"Brown\",\"totalprice\":111,\"depositpaid\":true,\"bookingdates\":{\"checkin\":\"2018-01-01\",\"checkout\":\"2019-01-01\"},\"additionalneeds\":\"Breakfast\"},\"expected_status\":500}}\n\tat com.google.gson.JsonElement.getAsJsonArray(JsonElement.java:107)\n\tat org.yape.utils.JsonUtils.readJsonArrayFromFile(JsonUtils.java:14)\n\tat CreateBooking.bookingDataProvider(CreateBooking.java:17)\n\tat sun.reflect.NativeMethodAccessorImpl.invoke0(Native Method)\n\tat sun.reflect.NativeMethodAccessorImpl.invoke(NativeMethodAccessorImpl.java:62)\n\tat sun.reflect.DelegatingMethodAccessorImpl.invoke(DelegatingMethodAccessorImpl.java:43)\n\tat java.lang.reflect.Method.invoke(Method.java:498)\n\tat org.testng.internal.MethodInvocationHelper.invokeMethod(MethodInvocationHelper.java:133)\n\tat org.testng.internal.MethodInvocationHelper.invokeMethod(MethodInvocationHelper.java:77)\n\tat org.testng.internal.MethodInvocationHelper.invokeMethodNoCheckedException(MethodInvocationHelper.java:46)\n\t... 24 more\n"},"stage":"finished","steps":[],"attachments":[],"parameters":[],"start":1710911967320,"stop":1710911967323,"uuid":"b5c8f830-804d-4bb0-a341-b2bf9b320786","historyId":"7d35119d7daeea23d3594492e8906135","fullName":"CreateBooking.testCreateBooking","labels":[{"name":"package","value":"CreateBooking"},{"name":"testClass","value":"CreateBooking"},{"name":"testMethod","value":"testCreateBooking"},{"name":"parentSuite","value":"Default Suite"},{"name":"suite","value":"yape-api-automation"},{"name":"subSuite","value":"CreateBooking"},{"name":"host","value":"Jasons-MacBook-Pro.local"},{"name":"thread","value":"15632@Jasons-MacBook-Pro.local.main(1)"},{"name":"framework","value":"testng"},{"name":"language","value":"java"}],"links":[]}